<?xml version="1.0" encoding="UTF-8"?>
<!-- Generated by org.testng.reporters.JUnitReportReporter -->
<testsuite hostname="LIN-5CG05216NL" failures="0" tests="1" name="Test.day3" time="0.004" errors="0" timestamp="2025-01-24T13:48:49 IST" skipped="0">
  <testcase classname="Test.day3" name="login" time="0.004"/>
  <system-out/>
</testsuite> <!-- Test.day3 -->
