<?xml version="1.0" encoding="UTF-8"?>
<!-- Generated by org.testng.reporters.JUnitReportReporter -->
<testsuite hostname="LIN-5CG05216NL" failures="0" tests="2" name="Test.day1" time="0.019" errors="0" timestamp="2025-01-24T13:48:49 IST" skipped="0">
  <testcase classname="Test.day1" name="demo2" time="0.002"/>
  <system-out/>
  <testcase classname="Test.day1" name="demo" time="0.017"/>
  <system-out/>
</testsuite> <!-- Test.day1 -->
